{
  "RSpec": {
    "coverage": {
      "/Users/drewreynolds/Documents/Turing/3Module/collaborave/app/helpers/application_helper.rb": [
        1,
        null
      ],
      "/Users/drewreynolds/Documents/Turing/3Module/collaborave/app/helpers/home_helper.rb": [
        1,
        null
      ],
      "/Users/drewreynolds/Documents/Turing/3Module/collaborave/app/helpers/landing_helper.rb": [
        1,
        null
      ],
      "/Users/drewreynolds/Documents/Turing/3Module/collaborave/app/helpers/parties_helper.rb": [
        1,
        null
      ],
      "/Users/drewreynolds/Documents/Turing/3Module/collaborave/app/helpers/sessions_helper.rb": [
        1,
        null
      ],
      "/Users/drewreynolds/Documents/Turing/3Module/collaborave/app/helpers/songs_helper.rb": [
        1,
        null
      ],
      "/Users/drewreynolds/Documents/Turing/3Module/collaborave/app/models/user.rb": [
        1,
        1,
        null,
        1,
        null,
        1,
        5,
        0,
        null,
        5,
        null,
        null,
        null,
        null,
        null,
        null,
        null,
        null,
        1,
        null,
        0,
        0,
        0,
        0,
        0,
        null,
        null
      ],
      "/Users/drewreynolds/Documents/Turing/3Module/collaborave/app/controllers/landing_controller.rb": [
        1,
        1,
        null,
        null
      ],
      "/Users/drewreynolds/Documents/Turing/3Module/collaborave/app/controllers/application_controller.rb": [
        1,
        1,
        null,
        1,
        31,
        null,
        null,
        1,
        null
      ],
      "/Users/drewreynolds/Documents/Turing/3Module/collaborave/app/controllers/sessions_controller.rb": [
        1,
        1,
        5,
        5,
        5,
        5,
        null,
        0,
        null,
        null,
        null,
        1,
        1,
        1,
        null,
        null
      ],
      "/Users/drewreynolds/Documents/Turing/3Module/collaborave/app/controllers/home_controller.rb": [
        1,
        1,
        6,
        null,
        null
      ],
      "/Users/drewreynolds/Documents/Turing/3Module/collaborave/app/models/party.rb": [
        1,
        1,
        1,
        1,
        null,
        1,
        1,
        null,
        1,
        1,
        null,
        null
      ],
      "/Users/drewreynolds/Documents/Turing/3Module/collaborave/app/controllers/parties_controller.rb": [
        1,
        1,
        null,
        1,
        null,
        null,
        1,
        0,
        null,
        null,
        1,
        2,
        2,
        2,
        1,
        null,
        1,
        null,
        null,
        null,
        1,
        null,
        1,
        2,
        null,
        null,
        1,
        2,
        null,
        null
      ],
      "/Users/drewreynolds/Documents/Turing/3Module/collaborave/app/models/party_song.rb": [
        1,
        1,
        1,
        null
      ],
      "/Users/drewreynolds/Documents/Turing/3Module/collaborave/app/models/song.rb": [
        1,
        1,
        1,
        null
      ]
    },
    "timestamp": 1439479549
  }
}
