{
  "RSpec": {
    "coverage": {
      "/Users/drewreynolds/Documents/Turing/3Module/collaborave/spec/feature/user_logs_in_with_twitter_spec.rb": [
        1,
        null,
        1,
        1,
        null,
        1,
        1,
        1,
        null,
        null,
        1,
        1,
        1,
        1,
        1,
        1,
        1,
        null,
        null
      ],
      "/Users/drewreynolds/Documents/Turing/3Module/collaborave/spec/rails_helper.rb": [
        null,
        1,
        1,
        null,
        1,
        1,
        1,
        null,
        1,
        null,
        1,
        1,
        null,
        1,
        null,
        1,
        null,
        null,
        1,
        1,
        1,
        null,
        null,
        null,
        null,
        null,
        null,
        null,
        null,
        null,
        null,
        null,
        null,
        null,
        null
      ],
      "/Users/drewreynolds/Documents/Turing/3Module/collaborave/config/environment.rb": [
        null,
        1,
        null,
        null,
        1
      ],
      "/Users/drewreynolds/Documents/Turing/3Module/collaborave/config/application.rb": [
        1,
        null,
        1,
        null,
        null,
        null,
        1,
        null,
        1,
        1,
        null,
        null,
        null,
        null,
        null,
        null,
        null,
        null,
        null,
        null,
        null,
        null,
        null,
        1,
        null,
        null
      ],
      "/Users/drewreynolds/Documents/Turing/3Module/collaborave/config/boot.rb": [
        1,
        null,
        1
      ],
      "/Users/drewreynolds/Documents/Turing/3Module/collaborave/config/environments/test.rb": [
        1,
        null,
        null,
        null,
        null,
        null,
        null,
        1,
        null,
        null,
        null,
        null,
        1,
        null,
        null,
        1,
        1,
        null,
        null,
        1,
        1,
        null,
        null,
        1,
        null,
        null,
        1,
        null,
        null,
        null,
        null,
        1,
        null,
        null,
        1,
        null,
        null,
        1,
        null,
        null,
        null,
        null
      ],
      "/Users/drewreynolds/Documents/Turing/3Module/collaborave/config/initializers/assets.rb": [
        null,
        null,
        null,
        1,
        null,
        1,
        null,
        null,
        null,
        null,
        null,
        null,
        null,
        null,
        null
      ],
      "/Users/drewreynolds/Documents/Turing/3Module/collaborave/config/initializers/backtrace_silencers.rb": [
        null,
        null,
        null,
        null,
        null,
        null,
        null
      ],
      "/Users/drewreynolds/Documents/Turing/3Module/collaborave/config/initializers/cookies_serializer.rb": [
        null,
        null,
        1
      ],
      "/Users/drewreynolds/Documents/Turing/3Module/collaborave/config/initializers/filter_parameter_logging.rb": [
        null,
        null,
        null,
        1
      ],
      "/Users/drewreynolds/Documents/Turing/3Module/collaborave/config/initializers/inflections.rb": [
        null,
        null,
        null,
        null,
        null,
        null,
        null,
        null,
        null,
        null,
        null,
        null,
        null,
        null,
        null,
        null
      ],
      "/Users/drewreynolds/Documents/Turing/3Module/collaborave/config/initializers/mime_types.rb": [
        null,
        null,
        null,
        null
      ],
      "/Users/drewreynolds/Documents/Turing/3Module/collaborave/config/initializers/omniauth.rb": [
        1,
        1,
        null
      ],
      "/Users/drewreynolds/Documents/Turing/3Module/collaborave/config/initializers/session_store.rb": [
        null,
        null,
        1
      ],
      "/Users/drewreynolds/Documents/Turing/3Module/collaborave/config/initializers/wrap_parameters.rb": [
        null,
        null,
        null,
        null,
        null,
        null,
        1,
        1,
        null,
        null,
        null,
        null,
        null,
        null
      ],
      "/Users/drewreynolds/Documents/Turing/3Module/collaborave/config/routes.rb": [
        1,
        1,
        1,
        1,
        1,
        1,
        1,
        1,
        1,
        1,
        null,
        1,
        1,
        1,
        1,
        null,
        null,
        null
      ],
      "/Users/drewreynolds/Documents/Turing/3Module/collaborave/app/helpers/application_helper.rb": [
        1,
        null
      ],
      "/Users/drewreynolds/Documents/Turing/3Module/collaborave/app/helpers/home_helper.rb": [
        1,
        null
      ],
      "/Users/drewreynolds/Documents/Turing/3Module/collaborave/app/helpers/landing_helper.rb": [
        1,
        null
      ],
      "/Users/drewreynolds/Documents/Turing/3Module/collaborave/app/helpers/parties_helper.rb": [
        1,
        null
      ],
      "/Users/drewreynolds/Documents/Turing/3Module/collaborave/app/helpers/sessions_helper.rb": [
        1,
        null
      ],
      "/Users/drewreynolds/Documents/Turing/3Module/collaborave/app/helpers/songs_helper.rb": [
        1,
        null
      ],
      "/Users/drewreynolds/Documents/Turing/3Module/collaborave/spec/models/party_spec.rb": [
        1,
        null,
        1,
        1,
        1,
        null,
        1,
        null,
        null,
        1,
        1,
        1,
        null,
        1,
        1,
        null,
        null,
        1,
        1,
        null,
        1,
        1,
        null,
        null
      ],
      "/Users/drewreynolds/Documents/Turing/3Module/collaborave/app/models/user.rb": [
        1,
        1,
        null,
        1,
        null,
        1,
        1,
        0,
        null,
        1,
        null,
        null,
        null,
        null,
        null,
        null,
        null,
        null,
        1,
        null,
        0,
        0,
        0,
        0,
        0,
        null,
        null
      ],
      "/Users/drewreynolds/Documents/Turing/3Module/collaborave/spec/models/user_spec.rb": [
        1,
        null,
        1,
        1,
        1,
        null,
        1,
        null,
        null,
        null,
        1,
        1,
        1,
        null,
        1,
        1,
        null,
        null
      ],
      "/Users/drewreynolds/Documents/Turing/3Module/collaborave/app/controllers/landing_controller.rb": [
        1,
        1,
        null,
        null
      ],
      "/Users/drewreynolds/Documents/Turing/3Module/collaborave/app/controllers/application_controller.rb": [
        1,
        1,
        null,
        1,
        4,
        null,
        null,
        1,
        null
      ],
      "/Users/drewreynolds/Documents/Turing/3Module/collaborave/app/controllers/sessions_controller.rb": [
        1,
        1,
        1,
        1,
        1,
        1,
        null,
        0,
        null,
        null,
        null,
        1,
        0,
        0,
        null,
        null
      ],
      "/Users/drewreynolds/Documents/Turing/3Module/collaborave/app/controllers/home_controller.rb": [
        1,
        1,
        1,
        null,
        null
      ],
      "/Users/drewreynolds/Documents/Turing/3Module/collaborave/app/models/party.rb": [
        1,
        1,
        1,
        1,
        null,
        1,
        1,
        null,
        1,
        1,
        null,
        null
      ]
    },
    "timestamp": 1439396786
  }
}
